2021-05-27 09:14:03.803  INFO 19812 --- [restartedMain] com.hong.myblog.MyblogApplication        : Starting MyblogApplication using Java 14.0.2 on hong with PID 19812 (D:\Java_project\IDEA\ä¸ªäººåšå®¢\myblog\target\classes started by 19622 in D:\Java_project\IDEA\ä¸ªäººåšå®¢\myblog)
2021-05-27 09:14:03.815 DEBUG 19812 --- [restartedMain] com.hong.myblog.MyblogApplication        : Running with Spring Boot v2.4.5, Spring v5.3.6
2021-05-27 09:14:03.815  INFO 19812 --- [restartedMain] com.hong.myblog.MyblogApplication        : The following profiles are active: pro
2021-05-27 09:14:03.890  INFO 19812 --- [restartedMain] .e.DevToolsPropertyDefaultsPostProcessor : Devtools property defaults active! Set 'spring.devtools.add-properties' to 'false' to disable
2021-05-27 09:14:03.891  INFO 19812 --- [restartedMain] .e.DevToolsPropertyDefaultsPostProcessor : For additional web related logging consider setting the 'logging.level.web' property to 'DEBUG'
2021-05-27 09:14:06.511  INFO 19812 --- [restartedMain] o.s.b.w.embedded.tomcat.TomcatWebServer  : Tomcat initialized with port(s): 8080 (http)
2021-05-27 09:14:06.526  INFO 19812 --- [restartedMain] o.apache.catalina.core.StandardService   : Starting service [Tomcat]
2021-05-27 09:14:06.527  INFO 19812 --- [restartedMain] org.apache.catalina.core.StandardEngine  : Starting Servlet engine: [Apache Tomcat/9.0.45]
2021-05-27 09:14:06.649  INFO 19812 --- [restartedMain] o.a.c.c.C.[Tomcat].[localhost].[/]       : Initializing Spring embedded WebApplicationContext
2021-05-27 09:14:06.650  INFO 19812 --- [restartedMain] w.s.c.ServletWebServerApplicationContext : Root WebApplicationContext: initialization completed in 2758 ms
2021-05-27 09:14:08.037  INFO 19812 --- [restartedMain] o.s.s.concurrent.ThreadPoolTaskExecutor  : Initializing ExecutorService 'applicationTaskExecutor'
2021-05-27 09:14:08.270  INFO 19812 --- [restartedMain] o.s.b.a.w.s.WelcomePageHandlerMapping    : Adding welcome page template: index
2021-05-27 09:14:09.114  INFO 19812 --- [restartedMain] o.s.b.d.a.OptionalLiveReloadServer       : LiveReload server is running on port 35729
2021-05-27 09:14:09.229  INFO 19812 --- [restartedMain] o.s.b.w.embedded.tomcat.TomcatWebServer  : Tomcat started on port(s): 8080 (http) with context path ''
2021-05-27 09:14:09.263  INFO 19812 --- [restartedMain] com.hong.myblog.MyblogApplication        : Started MyblogApplication in 6.211 seconds (JVM running for 7.549)
2021-05-27 09:14:18.135  INFO 19812 --- [http-nio-8080-exec-1] o.a.c.c.C.[Tomcat].[localhost].[/]       : Initializing Spring DispatcherServlet 'dispatcherServlet'
2021-05-27 09:14:18.136  INFO 19812 --- [http-nio-8080-exec-1] o.s.web.servlet.DispatcherServlet        : Initializing Servlet 'dispatcherServlet'
2021-05-27 09:14:18.138  INFO 19812 --- [http-nio-8080-exec-1] o.s.web.servlet.DispatcherServlet        : Completed initialization in 2 ms
2021-05-27 09:14:18.206  INFO 19812 --- [http-nio-8080-exec-1] com.hong.myblog.aspect.LogAspect         : DoBefore.........
2021-05-27 09:14:18.210  INFO 19812 --- [http-nio-8080-exec-1] com.hong.myblog.aspect.LogAspect         : Request : LogAspect.RequestLog(url=http://localhost:8080/, ip=0:0:0:0:0:0:0:1, classMethod=com.hong.myblog.controller.IndexController.index, args=[{}, 1])
2021-05-27 09:14:18.253  INFO 19812 --- [http-nio-8080-exec-1] com.zaxxer.hikari.HikariDataSource       : HikariPool-1 - Starting...
2021-05-27 09:14:18.760  INFO 19812 --- [http-nio-8080-exec-1] com.zaxxer.hikari.HikariDataSource       : HikariPool-1 - Start completed.
2021-05-27 09:14:18.840 DEBUG 19812 --- [http-nio-8080-exec-1] c.h.m.d.BlogDao.getFirstPageBlog_COUNT   : ==>  Preparing: SELECT count(0) FROM myblog.blog b, myblog.type t, myblog.user u WHERE b.type_id = t.id AND u.id = b.user_id 
2021-05-27 09:14:18.876 DEBUG 19812 --- [http-nio-8080-exec-1] c.h.m.d.BlogDao.getFirstPageBlog_COUNT   : ==> Parameters: 
2021-05-27 09:14:18.961 DEBUG 19812 --- [http-nio-8080-exec-1] c.h.m.d.BlogDao.getFirstPageBlog_COUNT   : <==      Total: 1
2021-05-27 09:14:18.965 DEBUG 19812 --- [http-nio-8080-exec-1] c.h.myblog.dao.BlogDao.getFirstPageBlog  : ==>  Preparing: select b.id,b.title,b.first_picture, b.views, b.comment_count,b.create_time,b.update_time,b.description, t.name , u.nickname, u.avatar from myblog.blog b, myblog.type t,myblog.user u where b.type_id = t.id and u.id = b.user_id order by b.create_time desc LIMIT ? 
2021-05-27 09:14:18.966 DEBUG 19812 --- [http-nio-8080-exec-1] c.h.myblog.dao.BlogDao.getFirstPageBlog  : ==> Parameters: 10(Integer)
2021-05-27 09:14:18.982 DEBUG 19812 --- [http-nio-8080-exec-1] c.h.myblog.dao.BlogDao.getFirstPageBlog  : <==      Total: 5
2021-05-27 09:14:18.986 DEBUG 19812 --- [http-nio-8080-exec-1] c.h.m.dao.BlogDao.getAllRecommendBlog    : ==>  Preparing: select * from myblog.blog where blog.recommend = true order by blog.create_time desc limit 4; 
2021-05-27 09:14:18.986 DEBUG 19812 --- [http-nio-8080-exec-1] c.h.m.dao.BlogDao.getAllRecommendBlog    : ==> Parameters: 
2021-05-27 09:14:19.092 DEBUG 19812 --- [http-nio-8080-exec-1] c.h.m.dao.BlogDao.getAllRecommendBlog    : <==      Total: 4
2021-05-27 09:14:19.096  INFO 19812 --- [http-nio-8080-exec-1] com.hong.myblog.aspect.LogAspect         : Result : index
2021-05-27 09:14:19.097  INFO 19812 --- [http-nio-8080-exec-1] com.hong.myblog.aspect.LogAspect         : DoAfter.........
2021-05-27 09:14:20.576  INFO 19812 --- [http-nio-8080-exec-1] com.hong.myblog.aspect.LogAspect         : DoBefore.........
2021-05-27 09:14:20.576  INFO 19812 --- [http-nio-8080-exec-1] com.hong.myblog.aspect.LogAspect         : Request : LogAspect.RequestLog(url=http://localhost:8080/footer/blogmessage, ip=0:0:0:0:0:0:0:1, classMethod=com.hong.myblog.controller.IndexController.blogMessage, args=[{}])
2021-05-27 09:14:20.578 DEBUG 19812 --- [http-nio-8080-exec-1] c.h.m.dao.BlogDao.getBlogCommentTotal    : ==>  Preparing: select count(*) from myblog.comment 
2021-05-27 09:14:20.579 DEBUG 19812 --- [http-nio-8080-exec-1] c.h.m.dao.BlogDao.getBlogCommentTotal    : ==> Parameters: 
2021-05-27 09:14:20.588 DEBUG 19812 --- [http-nio-8080-exec-1] c.h.m.dao.BlogDao.getBlogCommentTotal    : <==      Total: 1
2021-05-27 09:14:20.589 DEBUG 19812 --- [http-nio-8080-exec-1] c.hong.myblog.dao.BlogDao.getBlogTotal   : ==>  Preparing: select count(*) from myblog.blog 
2021-05-27 09:14:20.590 DEBUG 19812 --- [http-nio-8080-exec-1] c.hong.myblog.dao.BlogDao.getBlogTotal   : ==> Parameters: 
2021-05-27 09:14:20.593 DEBUG 19812 --- [http-nio-8080-exec-1] c.hong.myblog.dao.BlogDao.getBlogTotal   : <==      Total: 1
2021-05-27 09:14:20.595 DEBUG 19812 --- [http-nio-8080-exec-1] c.h.m.dao.BlogDao.getBlogMessageTotal    : ==>  Preparing: select count(*) from myblog.message 
2021-05-27 09:14:20.596 DEBUG 19812 --- [http-nio-8080-exec-1] c.h.m.dao.BlogDao.getBlogMessageTotal    : ==> Parameters: 
2021-05-27 09:14:20.601 DEBUG 19812 --- [http-nio-8080-exec-1] c.h.m.dao.BlogDao.getBlogMessageTotal    : <==      Total: 1
2021-05-27 09:14:20.603 DEBUG 19812 --- [http-nio-8080-exec-1] c.h.myblog.dao.BlogDao.getBlogViewTotal  : ==>  Preparing: select coalesce (sum(views),0) from myblog.blog 
2021-05-27 09:14:20.604 DEBUG 19812 --- [http-nio-8080-exec-1] c.h.myblog.dao.BlogDao.getBlogViewTotal  : ==> Parameters: 
2021-05-27 09:14:20.606 DEBUG 19812 --- [http-nio-8080-exec-1] c.h.myblog.dao.BlogDao.getBlogViewTotal  : <==      Total: 1
2021-05-27 09:14:20.607  INFO 19812 --- [http-nio-8080-exec-1] com.hong.myblog.aspect.LogAspect         : Result : index :: blogMessage
2021-05-27 09:14:20.607  INFO 19812 --- [http-nio-8080-exec-1] com.hong.myblog.aspect.LogAspect         : DoAfter.........
2021-05-27 09:15:10.224  INFO 6568 --- [main] com.hong.myblog.MyblogApplicationTests   : Starting MyblogApplicationTests using Java 14.0.2 on hong with PID 6568 (started by 19622 in D:\Java_project\IDEA\¸öÈË²©¿Í\myblog)
2021-05-27 09:15:10.229 DEBUG 6568 --- [main] com.hong.myblog.MyblogApplicationTests   : Running with Spring Boot v2.4.5, Spring v5.3.6
2021-05-27 09:15:10.230  INFO 6568 --- [main] com.hong.myblog.MyblogApplicationTests   : The following profiles are active: pro
2021-05-27 09:15:14.670  INFO 6568 --- [main] o.s.s.concurrent.ThreadPoolTaskExecutor  : Initializing ExecutorService 'applicationTaskExecutor'
2021-05-27 09:15:15.009  INFO 6568 --- [main] o.s.b.a.w.s.WelcomePageHandlerMapping    : Adding welcome page template: index
2021-05-27 09:15:16.157  INFO 6568 --- [main] com.hong.myblog.MyblogApplicationTests   : Started MyblogApplicationTests in 6.634 seconds (JVM running for 8.57)
2021-05-27 09:15:17.286  INFO 6568 --- [SpringContextShutdownHook] o.s.s.concurrent.ThreadPoolTaskExecutor  : Shutting down ExecutorService 'applicationTaskExecutor'
